2023-05-31 11:40:01.636 [main] INFO  com.xiaostudy.eureka.EurekaApplication - Starting EurekaApplication using Java 1.8.0_152 on 阳光小男孩的阳光笔记本 with PID 57724 (D:\SpringCloud202208\eureka\target\classes started by 阳光小男孩的笔记本 in D:\SpringCloud202208)
2023-05-31 11:40:01.640 [main] INFO  com.xiaostudy.eureka.EurekaApplication - The following 1 profile is active: "log"
2023-05-31 11:40:02.564 [main] INFO  o.springframework.cloud.context.scope.GenericScope - BeanFactory id=313a0af6-23f2-3501-ba7e-00c37e869456
2023-05-31 11:40:02.787 [main] INFO  o.s.boot.web.embedded.tomcat.TomcatWebServer - Tomcat initialized with port(s): 9900 (http)
2023-05-31 11:40:02.795 [main] INFO  org.apache.coyote.http11.Http11NioProtocol - Initializing ProtocolHandler ["http-nio-9900"]
2023-05-31 11:40:02.796 [main] INFO  org.apache.catalina.core.StandardService - Starting service [Tomcat]
2023-05-31 11:40:02.796 [main] INFO  org.apache.catalina.core.StandardEngine - Starting Servlet engine: [Apache Tomcat/9.0.65]
2023-05-31 11:40:02.930 [main] INFO  o.a.c.core.ContainerBase.[Tomcat].[localhost].[/] - Initializing Spring embedded WebApplicationContext
2023-05-31 11:40:02.930 [main] INFO  o.s.b.w.s.c.ServletWebServerApplicationContext - Root WebApplicationContext: initialization completed in 1244 ms
2023-05-31 11:40:03.364 [main] INFO  c.s.j.server.impl.application.WebApplicationImpl - Initiating Jersey application, version 'Jersey: 1.19.4 05/24/2017 03:20 PM'
2023-05-31 11:40:03.421 [main] INFO  c.n.discovery.provider.DiscoveryJerseyProvider - Using JSON encoding codec LegacyJacksonJson
2023-05-31 11:40:03.422 [main] INFO  c.n.discovery.provider.DiscoveryJerseyProvider - Using JSON decoding codec LegacyJacksonJson
2023-05-31 11:40:03.506 [main] INFO  c.n.discovery.provider.DiscoveryJerseyProvider - Using XML encoding codec XStreamXml
2023-05-31 11:40:03.507 [main] INFO  c.n.discovery.provider.DiscoveryJerseyProvider - Using XML decoding codec XStreamXml
2023-05-31 11:40:03.862 [main] INFO  o.s.security.web.DefaultSecurityFilterChain - Will secure any request with [org.springframework.security.web.session.DisableEncodeUrlFilter@2c9fdb64, org.springframework.security.web.context.request.async.WebAsyncManagerIntegrationFilter@27e199ce, org.springframework.security.web.context.SecurityContextPersistenceFilter@60591e1b, org.springframework.security.web.header.HeaderWriterFilter@2d130ac4, org.springframework.security.web.authentication.logout.LogoutFilter@5fd43e58, org.springframework.security.web.authentication.UsernamePasswordAuthenticationFilter@1c84d80a, org.springframework.security.web.authentication.ui.DefaultLoginPageGeneratingFilter@2484dbb7, org.springframework.security.web.authentication.ui.DefaultLogoutPageGeneratingFilter@1c3b6963, org.springframework.security.web.authentication.www.BasicAuthenticationFilter@61d60e38, org.springframework.security.web.savedrequest.RequestCacheAwareFilter@3009eed7, org.springframework.security.web.servletapi.SecurityContextHolderAwareRequestFilter@5a30722c, org.springframework.security.web.authentication.AnonymousAuthenticationFilter@7364f68, org.springframework.security.web.session.SessionManagementFilter@194012a2, org.springframework.security.web.access.ExceptionTranslationFilter@7b8ea1db, org.springframework.security.web.access.intercept.FilterSecurityInterceptor@477523ba]
2023-05-31 11:40:04.841 [main] INFO  o.s.c.n.e.c.DiscoveryClientOptionalArgsConfiguration - Eureka HTTP Client uses Jersey
2023-05-31 11:40:04.883 [main] WARN  o.s.c.l.c.LoadBalancerCacheAutoConfiguration$LoadBalancerCaffeineWarnLogger - Spring Cloud LoadBalancer is currently working with the default cache. While this cache implementation is useful for development and tests, it's recommended to use Caffeine cache in production.You can switch to using Caffeine cache, by adding it and org.springframework.cache.caffeine.CaffeineCacheManager to the classpath.
2023-05-31 11:40:04.899 [main] INFO  o.s.cloud.netflix.eureka.InstanceInfoFactory - Setting initial instance status as: STARTING
2023-05-31 11:40:04.924 [main] INFO  com.netflix.discovery.DiscoveryClient - Initializing Eureka in region us-east-1
2023-05-31 11:40:04.925 [main] INFO  com.netflix.discovery.DiscoveryClient - Client configured to neither register nor query for data.
2023-05-31 11:40:04.931 [main] INFO  com.netflix.discovery.DiscoveryClient - Discovery Client initialized at timestamp 1685504404930 with initial instances count: 0
2023-05-31 11:40:04.957 [main] INFO  com.netflix.eureka.DefaultEurekaServerContext - Initializing ...
2023-05-31 11:40:04.959 [main] WARN  com.netflix.eureka.cluster.PeerEurekaNodes - The replica size seems to be empty. Check the route 53 DNS Registry
2023-05-31 11:40:04.973 [main] INFO  c.netflix.eureka.registry.AbstractInstanceRegistry - Finished initializing remote region registries. All known remote regions: []
2023-05-31 11:40:04.974 [main] INFO  com.netflix.eureka.DefaultEurekaServerContext - Initialized
2023-05-31 11:40:04.981 [main] INFO  o.s.b.actuate.endpoint.web.EndpointLinksResolver - Exposing 1 endpoint(s) beneath base path '/actuator'
2023-05-31 11:40:05.042 [main] INFO  o.s.c.n.e.serviceregistry.EurekaServiceRegistry - Registering application EUREKA-SERVICE with eureka with status UP
2023-05-31 11:40:05.045 [main] INFO  org.apache.coyote.http11.Http11NioProtocol - Starting ProtocolHandler ["http-nio-9900"]
2023-05-31 11:40:05.050 [main] WARN  o.s.b.w.s.c.AnnotationConfigServletWebServerApplicationContext - Exception encountered during context initialization - cancelling refresh attempt: org.springframework.context.ApplicationContextException: Failed to start bean 'webServerStartStop'; nested exception is org.springframework.boot.web.server.PortInUseException: Port 9900 is already in use
2023-05-31 11:40:05.051 [main] INFO  com.netflix.eureka.DefaultEurekaServerContext - Shutting down ...
2023-05-31 11:40:05.054 [Thread-18] INFO  o.s.c.netflix.eureka.server.EurekaServerBootstrap - isAws returned false
2023-05-31 11:40:05.054 [Thread-18] INFO  o.s.c.netflix.eureka.server.EurekaServerBootstrap - Initialized server context
2023-05-31 11:40:05.055 [Thread-18] INFO  c.n.eureka.registry.PeerAwareInstanceRegistryImpl - Got 1 instances from neighboring DS node
2023-05-31 11:40:05.055 [Thread-18] INFO  c.n.eureka.registry.PeerAwareInstanceRegistryImpl - Renew threshold is: 0
2023-05-31 11:40:05.055 [Thread-18] INFO  c.n.eureka.registry.PeerAwareInstanceRegistryImpl - Changing status to UP
2023-05-31 11:40:05.058 [Thread-18] ERROR o.s.c.netflix.eureka.server.EurekaServerBootstrap - Cannot bootstrap eureka server :
java.lang.IllegalStateException: Timer already cancelled.
	at java.util.Timer.sched(Timer.java:397)
	at java.util.Timer.schedule(Timer.java:248)
	at com.netflix.eureka.registry.AbstractInstanceRegistry.postInit(AbstractInstanceRegistry.java:1218)
	at com.netflix.eureka.registry.PeerAwareInstanceRegistryImpl.openForTraffic(PeerAwareInstanceRegistryImpl.java:258)
	at org.springframework.cloud.netflix.eureka.server.InstanceRegistry.openForTraffic(InstanceRegistry.java:74)
	at org.springframework.cloud.netflix.eureka.server.EurekaServerBootstrap.initEurekaServerContext(EurekaServerBootstrap.java:113)
	at org.springframework.cloud.netflix.eureka.server.EurekaServerBootstrap.contextInitialized(EurekaServerBootstrap.java:71)
	at org.springframework.cloud.netflix.eureka.server.EurekaServerInitializerConfiguration.lambda$start$0(EurekaServerInitializerConfiguration.java:68)
	at java.lang.Thread.run(Thread.java:748)
2023-05-31 11:40:05.058 [Thread-18] ERROR o.s.c.n.e.s.EurekaServerInitializerConfiguration - Could not initialize Eureka servlet context
java.lang.RuntimeException: Cannot bootstrap eureka server :
	at org.springframework.cloud.netflix.eureka.server.EurekaServerBootstrap.contextInitialized(EurekaServerBootstrap.java:77)
	at org.springframework.cloud.netflix.eureka.server.EurekaServerInitializerConfiguration.lambda$start$0(EurekaServerInitializerConfiguration.java:68)
	at java.lang.Thread.run(Thread.java:748)
Caused by: java.lang.IllegalStateException: Timer already cancelled.
	at java.util.Timer.sched(Timer.java:397)
	at java.util.Timer.schedule(Timer.java:248)
	at com.netflix.eureka.registry.AbstractInstanceRegistry.postInit(AbstractInstanceRegistry.java:1218)
	at com.netflix.eureka.registry.PeerAwareInstanceRegistryImpl.openForTraffic(PeerAwareInstanceRegistryImpl.java:258)
	at org.springframework.cloud.netflix.eureka.server.InstanceRegistry.openForTraffic(InstanceRegistry.java:74)
	at org.springframework.cloud.netflix.eureka.server.EurekaServerBootstrap.initEurekaServerContext(EurekaServerBootstrap.java:113)
	at org.springframework.cloud.netflix.eureka.server.EurekaServerBootstrap.contextInitialized(EurekaServerBootstrap.java:71)
	... 2 common frames omitted
2023-05-31 11:40:05.064 [main] INFO  com.netflix.eureka.DefaultEurekaServerContext - Shut down
2023-05-31 11:40:05.072 [main] INFO  com.netflix.discovery.DiscoveryClient - Shutting down DiscoveryClient ...
2023-05-31 11:40:05.074 [main] INFO  com.netflix.discovery.DiscoveryClient - Completed shut down of DiscoveryClient
2023-05-31 11:40:05.077 [main] INFO  org.apache.coyote.http11.Http11NioProtocol - Pausing ProtocolHandler ["http-nio-9900"]
2023-05-31 11:40:05.077 [main] INFO  org.apache.catalina.core.StandardService - Stopping service [Tomcat]
2023-05-31 11:40:05.081 [main] INFO  org.apache.coyote.http11.Http11NioProtocol - Stopping ProtocolHandler ["http-nio-9900"]
2023-05-31 11:40:05.084 [main] INFO  org.apache.coyote.http11.Http11NioProtocol - Destroying ProtocolHandler ["http-nio-9900"]
2023-05-31 11:40:05.104 [main] INFO  o.s.b.a.l.ConditionEvaluationReportLoggingListener - 

Error starting ApplicationContext. To display the conditions report re-run your application with 'debug' enabled.
2023-05-31 11:40:05.125 [main] ERROR o.s.b.diagnostics.LoggingFailureAnalysisReporter - 

***************************
APPLICATION FAILED TO START
***************************

Description:

Web server failed to start. Port 9900 was already in use.

Action:

Identify and stop the process that's listening on port 9900 or configure this application to listen on another port.

2023-05-31 11:40:24.239 [main] INFO  com.xiaostudy.eureka.EurekaApplication - Starting EurekaApplication using Java 1.8.0_152 on 阳光小男孩的阳光笔记本 with PID 57844 (D:\SpringCloud202208\eureka\target\classes started by 阳光小男孩的笔记本 in D:\SpringCloud202208)
2023-05-31 11:40:24.242 [main] INFO  com.xiaostudy.eureka.EurekaApplication - The following 1 profile is active: "log"
2023-05-31 11:40:25.140 [main] INFO  o.springframework.cloud.context.scope.GenericScope - BeanFactory id=313a0af6-23f2-3501-ba7e-00c37e869456
2023-05-31 11:40:25.378 [main] INFO  o.s.boot.web.embedded.tomcat.TomcatWebServer - Tomcat initialized with port(s): 9900 (http)
2023-05-31 11:40:25.385 [main] INFO  org.apache.coyote.http11.Http11NioProtocol - Initializing ProtocolHandler ["http-nio-9900"]
2023-05-31 11:40:25.386 [main] INFO  org.apache.catalina.core.StandardService - Starting service [Tomcat]
2023-05-31 11:40:25.386 [main] INFO  org.apache.catalina.core.StandardEngine - Starting Servlet engine: [Apache Tomcat/9.0.65]
2023-05-31 11:40:25.523 [main] INFO  o.a.c.core.ContainerBase.[Tomcat].[localhost].[/] - Initializing Spring embedded WebApplicationContext
2023-05-31 11:40:25.524 [main] INFO  o.s.b.w.s.c.ServletWebServerApplicationContext - Root WebApplicationContext: initialization completed in 1234 ms
2023-05-31 11:40:25.952 [main] INFO  c.s.j.server.impl.application.WebApplicationImpl - Initiating Jersey application, version 'Jersey: 1.19.4 05/24/2017 03:20 PM'
2023-05-31 11:40:26.007 [main] INFO  c.n.discovery.provider.DiscoveryJerseyProvider - Using JSON encoding codec LegacyJacksonJson
2023-05-31 11:40:26.008 [main] INFO  c.n.discovery.provider.DiscoveryJerseyProvider - Using JSON decoding codec LegacyJacksonJson
2023-05-31 11:40:26.082 [main] INFO  c.n.discovery.provider.DiscoveryJerseyProvider - Using XML encoding codec XStreamXml
2023-05-31 11:40:26.082 [main] INFO  c.n.discovery.provider.DiscoveryJerseyProvider - Using XML decoding codec XStreamXml
2023-05-31 11:40:26.460 [main] INFO  o.s.security.web.DefaultSecurityFilterChain - Will secure any request with [org.springframework.security.web.session.DisableEncodeUrlFilter@27e199ce, org.springframework.security.web.context.request.async.WebAsyncManagerIntegrationFilter@1c3b6963, org.springframework.security.web.context.SecurityContextPersistenceFilter@29c53c4f, org.springframework.security.web.header.HeaderWriterFilter@2f0ccb34, org.springframework.security.web.authentication.logout.LogoutFilter@70d4f672, org.springframework.security.web.authentication.UsernamePasswordAuthenticationFilter@7ceb6c45, org.springframework.security.web.authentication.ui.DefaultLoginPageGeneratingFilter@111cba40, org.springframework.security.web.authentication.ui.DefaultLogoutPageGeneratingFilter@7364f68, org.springframework.security.web.authentication.www.BasicAuthenticationFilter@6e95973c, org.springframework.security.web.savedrequest.RequestCacheAwareFilter@2ee4706d, org.springframework.security.web.servletapi.SecurityContextHolderAwareRequestFilter@4f2ac7e0, org.springframework.security.web.authentication.AnonymousAuthenticationFilter@55a0f011, org.springframework.security.web.session.SessionManagementFilter@55296b50, org.springframework.security.web.access.ExceptionTranslationFilter@a91119b, org.springframework.security.web.access.intercept.FilterSecurityInterceptor@203e705e]
2023-05-31 11:40:27.385 [main] INFO  o.s.c.n.e.c.DiscoveryClientOptionalArgsConfiguration - Eureka HTTP Client uses Jersey
2023-05-31 11:40:27.423 [main] WARN  o.s.c.l.c.LoadBalancerCacheAutoConfiguration$LoadBalancerCaffeineWarnLogger - Spring Cloud LoadBalancer is currently working with the default cache. While this cache implementation is useful for development and tests, it's recommended to use Caffeine cache in production.You can switch to using Caffeine cache, by adding it and org.springframework.cache.caffeine.CaffeineCacheManager to the classpath.
2023-05-31 11:40:27.438 [main] INFO  o.s.cloud.netflix.eureka.InstanceInfoFactory - Setting initial instance status as: STARTING
2023-05-31 11:40:27.461 [main] INFO  com.netflix.discovery.DiscoveryClient - Initializing Eureka in region us-east-1
2023-05-31 11:40:27.462 [main] INFO  com.netflix.discovery.DiscoveryClient - Client configured to neither register nor query for data.
2023-05-31 11:40:27.467 [main] INFO  com.netflix.discovery.DiscoveryClient - Discovery Client initialized at timestamp 1685504427466 with initial instances count: 0
2023-05-31 11:40:27.496 [main] INFO  com.netflix.eureka.DefaultEurekaServerContext - Initializing ...
2023-05-31 11:40:27.498 [main] WARN  com.netflix.eureka.cluster.PeerEurekaNodes - The replica size seems to be empty. Check the route 53 DNS Registry
2023-05-31 11:40:27.513 [main] INFO  c.netflix.eureka.registry.AbstractInstanceRegistry - Finished initializing remote region registries. All known remote regions: []
2023-05-31 11:40:27.514 [main] INFO  com.netflix.eureka.DefaultEurekaServerContext - Initialized
2023-05-31 11:40:27.521 [main] INFO  o.s.b.actuate.endpoint.web.EndpointLinksResolver - Exposing 1 endpoint(s) beneath base path '/actuator'
2023-05-31 11:40:27.583 [main] INFO  o.s.c.n.e.serviceregistry.EurekaServiceRegistry - Registering application EUREKA-SERVICE with eureka with status UP
2023-05-31 11:40:27.586 [main] INFO  org.apache.coyote.http11.Http11NioProtocol - Starting ProtocolHandler ["http-nio-9900"]
2023-05-31 11:40:27.595 [Thread-18] INFO  o.s.c.netflix.eureka.server.EurekaServerBootstrap - isAws returned false
2023-05-31 11:40:27.596 [Thread-18] INFO  o.s.c.netflix.eureka.server.EurekaServerBootstrap - Initialized server context
2023-05-31 11:40:27.596 [Thread-18] INFO  c.n.eureka.registry.PeerAwareInstanceRegistryImpl - Got 1 instances from neighboring DS node
2023-05-31 11:40:27.596 [Thread-18] INFO  c.n.eureka.registry.PeerAwareInstanceRegistryImpl - Renew threshold is: 0
2023-05-31 11:40:27.596 [Thread-18] INFO  c.n.eureka.registry.PeerAwareInstanceRegistryImpl - Changing status to UP
2023-05-31 11:40:27.619 [main] INFO  o.s.boot.web.embedded.tomcat.TomcatWebServer - Tomcat started on port(s): 9900 (http) with context path ''
2023-05-31 11:40:27.620 [Thread-18] INFO  o.s.c.n.e.s.EurekaServerInitializerConfiguration - Started Eureka Server
2023-05-31 11:40:27.621 [main] INFO  o.s.c.n.e.s.EurekaAutoServiceRegistration - Updating port to 9900
2023-05-31 11:40:27.892 [main] INFO  com.xiaostudy.eureka.EurekaApplication - Started EurekaApplication in 4.556 seconds (JVM running for 5.386)
2023-05-31 11:40:28.168 [RMI TCP Connection(2)-192.168.147.209] INFO  o.a.c.core.ContainerBase.[Tomcat].[localhost].[/] - Initializing Spring DispatcherServlet 'dispatcherServlet'
2023-05-31 11:40:28.169 [RMI TCP Connection(2)-192.168.147.209] INFO  org.springframework.web.servlet.DispatcherServlet - Initializing Servlet 'dispatcherServlet'
2023-05-31 11:40:28.170 [RMI TCP Connection(2)-192.168.147.209] INFO  org.springframework.web.servlet.DispatcherServlet - Completed initialization in 1 ms
2023-05-31 11:40:45.763 [http-nio-9900-exec-10] INFO  c.netflix.eureka.registry.AbstractInstanceRegistry - Registered instance CONFIG-SERVICE/192.168.147.209:9901 with status UP (replication=false)
2023-05-31 11:41:27.599 [Eureka-EvictionTimer] INFO  c.netflix.eureka.registry.AbstractInstanceRegistry - Running the evict task with compensationTime 0ms
2023-05-31 11:42:27.600 [Eureka-EvictionTimer] INFO  c.netflix.eureka.registry.AbstractInstanceRegistry - Running the evict task with compensationTime 1ms
2023-05-31 11:43:27.601 [Eureka-EvictionTimer] INFO  c.netflix.eureka.registry.AbstractInstanceRegistry - Running the evict task with compensationTime 0ms
2023-05-31 11:44:27.601 [Eureka-EvictionTimer] INFO  c.netflix.eureka.registry.AbstractInstanceRegistry - Running the evict task with compensationTime 0ms
2023-05-31 11:45:27.602 [Eureka-EvictionTimer] INFO  c.netflix.eureka.registry.AbstractInstanceRegistry - Running the evict task with compensationTime 0ms
2023-05-31 11:45:32.801 [http-nio-9900-exec-6] INFO  c.netflix.eureka.registry.AbstractInstanceRegistry - Registered instance CONFIG-SERVICE/192.168.147.209:9901 with status DOWN (replication=false)
2023-05-31 11:46:27.602 [Eureka-EvictionTimer] INFO  c.netflix.eureka.registry.AbstractInstanceRegistry - Running the evict task with compensationTime 0ms
2023-05-31 11:46:29.034 [SpringApplicationShutdownHook] INFO  o.s.c.n.e.serviceregistry.EurekaServiceRegistry - Unregistering application EUREKA-SERVICE with eureka with status DOWN
2023-05-31 11:46:29.156 [SpringApplicationShutdownHook] INFO  o.s.c.netflix.eureka.server.EurekaServerBootstrap - Shutting down Eureka Server..
2023-05-31 11:46:29.164 [SpringApplicationShutdownHook] INFO  com.netflix.eureka.DefaultEurekaServerContext - Shutting down ...
2023-05-31 11:46:29.172 [SpringApplicationShutdownHook] INFO  com.netflix.eureka.DefaultEurekaServerContext - Shut down
2023-05-31 11:46:29.172 [SpringApplicationShutdownHook] INFO  o.s.c.netflix.eureka.server.EurekaServerBootstrap - Eureka Service is now shutdown...
2023-05-31 11:46:29.172 [SpringApplicationShutdownHook] INFO  com.netflix.eureka.DefaultEurekaServerContext - Shutting down ...
2023-05-31 11:46:29.179 [SpringApplicationShutdownHook] INFO  com.netflix.eureka.DefaultEurekaServerContext - Shut down
2023-05-31 11:46:29.186 [SpringApplicationShutdownHook] INFO  com.netflix.discovery.DiscoveryClient - Shutting down DiscoveryClient ...
2023-05-31 11:46:29.187 [SpringApplicationShutdownHook] INFO  com.netflix.discovery.DiscoveryClient - Completed shut down of DiscoveryClient
